<?xml version="1.0" encoding="UTF-8"?>
<testsuite name="OreSimAdditionalMachinesTest" tests="4" skipped="0" failures="0" errors="0" timestamp="2024-06-25T03:46:42" hostname="DESKTOP-4NUKS0B" time="0.031">
  <properties/>
  <testcase name="testEndResult" classname="OreSimAdditionalMachinesTest" time="0.019"/>
  <testcase name="testClayBlockingExcavator" classname="OreSimAdditionalMachinesTest" time="0.001"/>
  <testcase name="testRockBlockingBulldozer" classname="OreSimAdditionalMachinesTest" time="0.005"/>
  <testcase name="testOreBlockingExcavator" classname="OreSimAdditionalMachinesTest" time="0.001"/>
  <system-out><![CDATA[ores = [ore.Ore@5745ca0e, ore.Ore@3ad83a66]
logResult = 1#P:1-5#O:7-3,8-6#T:1-3,1-4#R:5-2,5-3,5-4,8-5,9-5,10-5,5-6,6-6,7-6#C:6-4,7-4,8-4,9-4,10-4#B:6-2#E:7-5
2#P:1-5#O:7-3,8-6#T:1-3,1-4#R:5-2,5-3,5-4,9-5,10-5,5-6,6-6,7-6#C:6-4,7-4,8-4,9-4,10-4#B:6-2#E:8-5
3#P:1-5#O:7-3,8-6#T:1-3,1-4#R:5-2,5-3,5-4,10-5,5-6,6-6,7-6#C:6-4,7-4,8-4,9-4,10-4#B:6-2#E:9-5
4#P:1-5#O:7-3,8-6#T:1-3,1-4#R:5-2,5-3,5-4,5-6,6-6,7-6#C:6-4,7-4,8-4,9-4,10-4#B:6-2#E:10-5
5#P:1-5#O:7-3,8-6#T:1-3,1-4#R:5-2,5-3,5-4,5-6,6-6,7-6#C:6-4,7-4,8-4,9-4,10-4#B:6-2#E:9-5
6#P:1-5#O:7-3,8-6#T:1-3,1-4#R:5-2,5-3,5-4,5-6,6-6,7-6#C:6-4,7-4,8-4,9-4,10-4#B:6-2#E:8-5
7#P:1-5#O:7-3,8-6#T:1-3,1-4#R:5-2,5-3,5-4,5-6,6-6,7-6#C:6-4,7-4,8-4,9-4,10-4#B:6-2#E:8-5
8#P:1-5#O:7-3,8-6#T:1-3,1-4#R:5-2,5-3,5-4,5-6,6-6,7-6#C:6-4,7-4,8-4,9-4,10-4#B:6-2#E:8-5
9#P:1-5#O:7-3,8-6#T:1-3,1-4#R:5-2,5-3,5-4,5-6,6-6,7-6#C:6-4,7-4,8-4,9-4,10-4#B:6-2#E:7-5
10#P:1-5#O:7-3,8-6#T:1-3,1-4#R:5-2,5-3,5-4,5-6,6-6#C:6-4,7-4,8-4,9-4,10-4#B:6-2#E:7-6
11#P:1-5#O:7-3,8-6#T:1-3,1-4#R:5-2,5-3,5-4,5-6#C:6-4,7-4,8-4,9-4,10-4#B:6-2#E:6-6
12#P:1-5#O:7-3,8-6#T:1-3,1-4#R:5-2,5-3,5-4#C:6-4,7-4,8-4,9-4,10-4#B:6-2#E:5-6
13#P:1-5#O:7-3,8-6#T:1-3,1-4#R:5-2,5-3,5-4#C:6-4,7-4,8-4,9-4,10-4#B:6-2#E:5-5
14#P:1-5#O:7-3,8-6#T:1-3,1-4#R:5-2,5-3#C:6-4,7-4,8-4,9-4,10-4#B:6-2#E:5-4
15#P:1-5#O:7-3,8-6#T:1-3,1-4#R:5-2#C:6-4,7-4,8-4,9-4,10-4#B:6-2#E:5-3
16#P:1-5#O:7-3,8-6#T:1-3,1-4#R:5-2#C:6-4,7-4,8-4,9-4,10-4#B:6-2#E:5-3
17#P:1-5#O:7-3,8-6#T:1-3,1-4#R#C:6-4,7-4,8-4,9-4,10-4#B:6-2#E:5-2
18#P:1-5#O:7-3,8-6#T:1-3,1-4#R#C:6-4,7-4,8-4,9-4,10-4#B:6-3#E:5-2
19#P:1-5#O:7-3,8-6#T:1-3,1-4#R#C:6-4,7-4,8-4,9-4,10-4#B:6-3#E:5-2
20#P:1-5#O:7-3,8-6#T:1-3,1-4#R#C:7-4,8-4,9-4,10-4#B:6-4#E:5-2
21#P:1-5#O:7-3,8-6#T:1-3,1-4#R#C:8-4,9-4,10-4#B:7-4#E:5-2
22#P:1-5#O:7-3,8-6#T:1-3,1-4#R#C:9-4,10-4#B:8-4#E:5-2
23#P:1-5#O:7-3,8-6#T:1-3,1-4#R#C:10-4#B:9-4#E:5-2
24#P:1-5#O:7-3,8-6#T:1-3,1-4#R#C#B:10-4#E:5-2
25#P:1-5#O:7-3,8-6#T:1-3,1-4#R#C#B:10-4#E:5-2
26#P:2-5#O:7-3,8-6#T:1-3,1-4#R#C#B:10-4#E:5-2
27#P:3-5#O:7-3,8-6#T:1-3,1-4#R#C#B:10-4#E:5-2
28#P:4-5#O:7-3,8-6#T:1-3,1-4#R#C#B:10-4#E:5-2
29#P:5-5#O:7-3,8-6#T:1-3,1-4#R#C#B:10-4#E:5-2
30#P:6-5#O:7-3,8-6#T:1-3,1-4#R#C#B:10-4#E:5-2
31#P:7-5#O:7-3,8-6#T:1-3,1-4#R#C#B:10-4#E:5-2
32#P:8-5#O:7-3,8-6#T:1-3,1-4#R#C#B:10-4#E:5-2
33#P:9-5#O:7-3,8-6#T:1-3,1-4#R#C#B:10-4#E:5-2
34#P:9-6#O:7-3,8-6#T:1-3,1-4#R#C#B:10-4#E:5-2
35#P:8-6#O:7-3,7-6#T:1-3,1-4#R#C#B:10-4#E:5-2
36#P:7-6#O:7-3,6-6#T:1-3,1-4#R#C#B:10-4#E:5-2
37#P:6-6#O:7-3,5-6#T:1-3,1-4#R#C#B:10-4#E:5-2
38#P:5-6#O:7-3,4-6#T:1-3,1-4#R#C#B:10-4#E:5-2
39#P:4-6#O:7-3,3-6#T:1-3,1-4#R#C#B:10-4#E:5-2
40#P:3-6#O:7-3,2-6#T:1-3,1-4#R#C#B:10-4#E:5-2
41#P:2-6#O:7-3,1-6#T:1-3,1-4#R#C#B:10-4#E:5-2
42#P:2-7#O:7-3,1-6#T:1-3,1-4#R#C#B:10-4#E:5-2
43#P:1-7#O:7-3,1-6#T:1-3,1-4#R#C#B:10-4#E:5-2
44#P:1-6#O:7-3,1-5#T:1-3,1-4#R#C#B:10-4#E:5-2
45#P:1-5#O:7-3,1-4#T:1-3#R#C#B:10-4#E:5-2
46#P:2-5#O:7-3,1-4#T:1-3#R#C#B:10-4#E:5-2
47#P:3-5#O:7-3,1-4#T:1-3#R#C#B:10-4#E:5-2
48#P:4-5#O:7-3,1-4#T:1-3#R#C#B:10-4#E:5-2
49#P:5-5#O:7-3,1-4#T:1-3#R#C#B:10-4#E:5-2
50#P:6-5#O:7-3,1-4#T:1-3#R#C#B:10-4#E:5-2
51#P:7-5#O:7-3,1-4#T:1-3#R#C#B:10-4#E:5-2
52#P:8-5#O:7-3,1-4#T:1-3#R#C#B:10-4#E:5-2
53#P:8-4#O:7-3,1-4#T:1-3#R#C#B:10-4#E:5-2
54#P:8-3#O:7-3,1-4#T:1-3#R#C#B:10-4#E:5-2
55#P:7-3#O:6-3,1-4#T:1-3#R#C#B:10-4#E:5-2
56#P:6-3#O:5-3,1-4#T:1-3#R#C#B:10-4#E:5-2
57#P:5-3#O:4-3,1-4#T:1-3#R#C#B:10-4#E:5-2
58#P:4-3#O:3-3,1-4#T:1-3#R#C#B:10-4#E:5-2
59#P:3-3#O:2-3,1-4#T:1-3#R#C#B:10-4#E:5-2
60#P:2-3#O:1-3,1-4#T#R#C#B:10-4#E:5-2

logLines = 60
logLines = [Ljava.lang.String;@14fc5f04
]]></system-out>
  <system-err><![CDATA[]]></system-err>
</testsuite>
